mktextfm ebmr10
mktextfm cmbr10
mktextfm cmbr8
mktextfm cmbr8
mktextfm cmbrmi10
mktextfm cmbrmi8
mktextfm cmbrmi8
mktextfm cmbrsy10
mktextfm cmbrsy8
mktextfm cmbrsy8
mktextfm cmbras10
mktextfm cmbras8
mktextfm cmbras8
mktextfm cmbrbs10
mktextfm cmbrbs8
mktextfm cmbrbs8
mktextfm cmtl10
mktextfm cmtl10
mktextfm cmtl10
mktextfm ebmr17
mktextfm ebmr10
mktextfm cmbr10
mktextfm cmbr8
mktextfm cmbr8
mktextfm cmbrmi10
mktextfm cmbrmi8
mktextfm cmbrmi8
mktextfm cmbrsy10
mktextfm cmbrsy8
mktextfm cmbrsy8
mktextfm cmtl10
mktextfm cmtl10
mktextfm cmtl10
mktextfm cmbras10
mktextfm cmbras8
mktextfm cmbras8
mktextfm cmbrbs10
mktextfm cmbrbs8
mktextfm cmbrbs8
mktextfm ebmr8
mktextfm ebbx10
mktextfm ebmr9
mktextfm ebbx10
mktextfm cmbr9
mktextfm cmbrmi9
mktextfm cmbrsy9
mktextfm cmtl10
mktextfm cmbras9
mktextfm cmbrbs9
mktextfm ebmr10
mktextfm ebbx10
mktextfm ebmo10
mktextfm nullfont
mktextfm ebbx10
mktextfm cmbrsy10
mktextfm nullfont
mktextfm ebtl10
mktextfm ebtl10
mktextfm ebtl10
mktextfm ebmr10
mktextfm cmbr10
mktextfm cmbr8
mktextfm cmbr8
mktextfm cmbrmi10
mktextfm cmbrmi8
mktextfm cmbrmi8
mktextfm cmbrsy10
mktextfm cmbrsy8
mktextfm cmbrsy8
mktextfm cmbras10
mktextfm cmbras8
mktextfm cmbras8
mktextfm cmbrbs10
mktextfm cmbrbs8
mktextfm cmbrbs8
mktextfm cmtl10
mktextfm cmtl10
mktextfm cmtl10
mktextfm ebmr17
mktextfm ebmr10
mktextfm cmbr10
mktextfm cmbr8
mktextfm cmbr8
mktextfm cmbrmi10
mktextfm cmbrmi8
mktextfm cmbrmi8
mktextfm cmbrsy10
mktextfm cmbrsy8
mktextfm cmbrsy8
mktextfm cmtl10
mktextfm cmtl10
mktextfm cmtl10
mktextfm cmbras10
mktextfm cmbras8
mktextfm cmbras8
mktextfm cmbrbs10
mktextfm cmbrbs8
mktextfm cmbrbs8
mktextfm ebmr8
mktextfm ebbx10
mktextfm ebmr9
mktextfm ebbx10
mktextfm cmbr9
mktextfm cmbrmi9
mktextfm cmbrsy9
mktextfm cmtl10
mktextfm cmbras9
mktextfm cmbrbs9
mktextfm ebmr10
mktextfm ebbx10
mktextfm ebmo10
mktextfm nullfont
mktextfm ebbx10
mktextfm cmbrsy10
mktextfm nullfont
mktextfm ebtl10
mktextfm ebtl10
mktextfm ebtl10
mktextfm ebmr10
mktextfm cmbr10
mktextfm cmbr8
mktextfm cmbr8
mktextfm cmbrmi10
mktextfm cmbrmi8
mktextfm cmbrmi8
mktextfm cmbrsy10
mktextfm cmbrsy8
mktextfm cmbrsy8
mktextfm cmbras10
mktextfm cmbras8
mktextfm cmbras8
mktextfm cmbrbs10
mktextfm cmbrbs8
mktextfm cmbrbs8
mktextfm cmtl10
mktextfm cmtl10
mktextfm cmtl10
mktextfm ebmr17
mktextfm ebmr10
mktextfm cmbr10
mktextfm cmbr8
mktextfm cmbr8
mktextfm cmbrmi10
mktextfm cmbrmi8
mktextfm cmbrmi8
mktextfm cmbrsy10
mktextfm cmbrsy8
mktextfm cmbrsy8
mktextfm cmtl10
mktextfm cmtl10
mktextfm cmtl10
mktextfm cmbras10
mktextfm cmbras8
mktextfm cmbras8
mktextfm cmbrbs10
mktextfm cmbrbs8
mktextfm cmbrbs8
mktextfm ebmr8
mktextfm ebbx10
mktextfm ebmr9
mktextfm ebbx10
mktextfm cmbr9
mktextfm cmbrmi9
mktextfm cmbrsy9
mktextfm cmtl10
mktextfm cmbras9
mktextfm cmbrbs9
mktextfm ebmr10
mktextfm ebbx10
mktextfm ebmo10
mktextfm nullfont
mktextfm ebbx10
mktextfm cmbrsy10
mktextfm nullfont
mktextfm ebtl10
mktextfm ebtl10
mktextfm ebtl10
mktextfm ebmr10
mktextfm cmbr10
mktextfm cmbr8
mktextfm cmbr8
mktextfm cmbrmi10
mktextfm cmbrmi8
mktextfm cmbrmi8
mktextfm cmbrsy10
mktextfm cmbrsy8
mktextfm cmbrsy8
mktextfm cmbras10
mktextfm cmbras8
mktextfm cmbras8
mktextfm cmbrbs10
mktextfm cmbrbs8
mktextfm cmbrbs8
mktextfm cmtl10
mktextfm cmtl10
mktextfm cmtl10
mktextfm ebmr17
mktextfm ebmr10
mktextfm cmbr10
mktextfm cmbr8
mktextfm cmbr8
mktextfm cmbrmi10
mktextfm cmbrmi8
mktextfm cmbrmi8
mktextfm cmbrsy10
mktextfm cmbrsy8
mktextfm cmbrsy8
mktextfm cmtl10
mktextfm cmtl10
mktextfm cmtl10
mktextfm cmbras10
mktextfm cmbras8
mktextfm cmbras8
mktextfm cmbrbs10
mktextfm cmbrbs8
mktextfm cmbrbs8
mktextfm ebmr8
mktextfm ebbx10
mktextfm ebmr9
mktextfm ebbx10
mktextfm cmbr9
mktextfm cmbrmi9
mktextfm cmbrsy9
mktextfm cmtl10
mktextfm cmbras9
mktextfm cmbrbs9
mktextfm ebmr10
mktextfm ebbx10
mktextfm ebmo10
mktextfm nullfont
mktextfm ebbx10
mktextfm cmbrsy10
mktextfm nullfont
mktextfm ebtl10
mktextfm ebtl10
mktextfm ebtl10
