\BOOKMARK [1][-]{section.1}{Introduction}{}% 1
\BOOKMARK [1][-]{section.2}{Background}{}% 2
\BOOKMARK [2][-]{subsection.2.1}{Notations}{section.2}% 3
\BOOKMARK [2][-]{subsection.2.2}{Cryptographic keys in Ethereum}{section.2}% 4
\BOOKMARK [2][-]{subsection.2.3}{Decision Diffie-Hellman Problem and Chaum-Pedersen Protocol}{section.2}% 5
\BOOKMARK [2][-]{subsection.2.4}{ECDSA with arbitrary generator element}{section.2}% 6
\BOOKMARK [2][-]{subsection.2.5}{Ethereum}{section.2}% 7
\BOOKMARK [3][-]{subsubsection.2.5.1}{State channels}{subsection.2.5}% 8
\BOOKMARK [1][-]{section.3}{Security goals}{}% 9
\BOOKMARK [2][-]{subsubsection.3.0.1}{Anonymity}{section.3}% 10
\BOOKMARK [3][-]{subsubsection.3.0.2}{Availability}{subsubsection.3.0.1}% 11
\BOOKMARK [3][-]{subsubsection.3.0.3}{Theft prevention}{subsubsection.3.0.1}% 12
\BOOKMARK [1][-]{section.4}{MixEth}{}% 13
\BOOKMARK [2][-]{subsection.4.1}{Overview}{section.4}% 14
\BOOKMARK [2][-]{subsection.4.2}{Initializing the tumbler}{section.4}% 15
\BOOKMARK [2][-]{subsection.4.3}{Depositing period}{section.4}% 16
\BOOKMARK [2][-]{subsection.4.4}{Shuffling period}{section.4}% 17
\BOOKMARK [2][-]{subsection.4.5}{Challenging period}{section.4}% 18
\BOOKMARK [2][-]{subsection.4.6}{Withdrawing}{section.4}% 19
\BOOKMARK [1][-]{section.5}{Informal reasoning about security properties}{}% 20
\BOOKMARK [2][-]{subsection.5.1}{Recipient anonymity}{section.5}% 21
\BOOKMARK [2][-]{subsection.5.2}{Availability}{section.5}% 22
\BOOKMARK [2][-]{subsection.5.3}{Theft prevention}{section.5}% 23
\BOOKMARK [1][-]{section.6}{Implementation}{}% 24
\BOOKMARK [2][-]{subsection.6.1}{Fully on-chain implementation}{section.6}% 25
\BOOKMARK [2][-]{subsection.6.2}{State channel implementation}{section.6}% 26
\BOOKMARK [1][-]{section.7}{Acknowledgements}{}% 27
